Using pre-set license
Built from '2020.3/release' branch; Version is '2020.3.12f1 (b3b2c6512326) revision 11776710'; Using compiler version '192528614'; Build Type 'Release'
OS: 'Windows 10 Pro; OS build 19042.685; Version 2009; 64bit' Language: 'zh' Physical Memory: 32625 MB
BatchMode: 1, IsHumanControllingUs: 0, StartBugReporterOnCrash: 0, Is64bit: 1, IsPro: 0

 COMMAND LINE ARGUMENTS:
C:\Program Files\Unity\Hub\Editor\2020.3.12f1\Editor\Unity.exe
-adb2
-batchMode
-noUpm
-name
AssetImportWorker0
-projectPath
C:/KID/Projects/Unity/Unity_HC_TC_202106_2DGame/2DGame
-logFile
Logs/AssetImportWorker0.log
-srvPort
8402
Successfully changed project path to: C:/KID/Projects/Unity/Unity_HC_TC_202106_2DGame/2DGame
C:/KID/Projects/Unity/Unity_HC_TC_202106_2DGame/2DGame
Using Asset Import Pipeline V2.
Refreshing native plugins compatible for Editor in 97.13 ms, found 3 plugins.
Preloading 0 native plugins for Editor in 0.00 ms.
Initialize engine version: 2020.3.12f1 (b3b2c6512326)
[Subsystems] Discovering subsystems at path C:/Program Files/Unity/Hub/Editor/2020.3.12f1/Editor/Data/Resources/UnitySubsystems
[Subsystems] Discovering subsystems at path C:/KID/Projects/Unity/Unity_HC_TC_202106_2DGame/2DGame/Assets
GfxDevice: creating device client; threaded=0
Direct3D:
    Version:  Direct3D 11.0 [level 11.1]
    Renderer: NVIDIA GeForce RTX 2070 with Max-Q Design (ID=0x1f10)
    Vendor:   
    VRAM:     8031 MB
    Driver:   27.21.14.5167
Initialize mono
Mono path[0] = 'C:/Program Files/Unity/Hub/Editor/2020.3.12f1/Editor/Data/Managed'
Mono path[1] = 'C:/Program Files/Unity/Hub/Editor/2020.3.12f1/Editor/Data/MonoBleedingEdge/lib/mono/unityjit'
Mono config path = 'C:/Program Files/Unity/Hub/Editor/2020.3.12f1/Editor/Data/MonoBleedingEdge/etc'
Using monoOptions --debugger-agent=transport=dt_socket,embedding=1,server=y,suspend=n,address=127.0.0.1:56908
Begin MonoManager ReloadAssembly
Registering precompiled unity dll's ...
Register platform support module: C:/Program Files/Unity/Hub/Editor/2020.3.12f1/Editor/Data/PlaybackEngines/WebGLSupport/UnityEditor.WebGL.Extensions.dll
Register platform support module: C:/Program Files/Unity/Hub/Editor/2020.3.12f1/Editor/Data/PlaybackEngines/WindowsStandaloneSupport/UnityEditor.WindowsStandalone.Extensions.dll
Registered in 0.006709 seconds.
Native extension for WindowsStandalone target not found
Native extension for WebGL target not found
Refreshing native plugins compatible for Editor in 65.91 ms, found 3 plugins.
Preloading 0 native plugins for Editor in 0.00 ms.
Mono: successfully reloaded assembly
- Completed reload, in  2.419 seconds
Platform modules already initialized, skipping
Registering precompiled user dll's ...
Registered in 0.007723 seconds.
Begin MonoManager ReloadAssembly
Native extension for WindowsStandalone target not found
Native extension for WebGL target not found
Refreshing native plugins compatible for Editor in 76.84 ms, found 3 plugins.
Preloading 0 native plugins for Editor in 0.00 ms.
Mono: successfully reloaded assembly
- Completed reload, in  2.414 seconds
Platform modules already initialized, skipping
========================================================================
Worker process is ready to serve import requests
Launched and connected shader compiler UnityShaderCompiler.exe after 0.14 seconds
Refreshing native plugins compatible for Editor in 0.56 ms, found 3 plugins.
Preloading 0 native plugins for Editor in 0.00 ms.
Unloading 2080 Unused Serialized files (Serialized files now loaded: 0)
System memory in use before: 93.1 MB.
System memory in use after: 93.1 MB.

Unloading 33 unused Assets to reduce memory usage. Loaded Objects now: 2515.
Total: 3.482100 ms (FindLiveObjects: 0.289200 ms CreateObjectMapping: 0.173800 ms MarkObjects: 2.798000 ms  DeleteObjects: 0.219100 ms)

AssetImportParameters requested are different than current active one (requested -> active):
  custom:framework-win-MediaFoundation: 216162199b28c13a410421893ffa2e32 -> 
  custom:video-decoder-ogg-theora: a1e56fd34408186e4bbccfd4996cb3dc -> 
  custom:container-muxer-webm: aa71ff27fc2769a1b78a27578f13a17b -> 
  custom:container-demuxer-webm: 4f35f7cbe854078d1ac9338744f61a02 -> 
  custom:container-demuxer-ogg: 62fdf1f143b41e24485cea50d1cbac27 -> 
  custom:video-encoder-webm-vp8: eb34c28f22e8b96e1ab97ce403110664 -> 
  custom:video-codec-MediaFoundation-h265: 746d11721c4dcdbdad8f713fa42b33f4 -> 
  custom:video-decoder-webm-vp8: 9c59270c3fd7afecdb556c50c9e8de78 -> 
  custom:audio-decoder-ogg-vorbis: bf7c407c2cedff20999df2af8eb42d56 -> 
  custom:audio-encoder-webm-vorbis: bf7c407c2cedff20999df2af8eb42d56 -> 
========================================================================
Received Import Request.
  path: Assets/素材/New Project (1).png
  artifactKey: Guid(75a0706e93edcde418bea0f87ed56ea2) Importer(815301076,1909f56bfc062723c751e8b465ee728b)
Start importing Assets/素材/New Project (1).png using Guid(75a0706e93edcde418bea0f87ed56ea2) Importer(815301076,1909f56bfc062723c751e8b465ee728b)  -> (artifact id: '67482d3e2fc0017875766a1f8d8c7d4d') in 0.231266 seconds 
  Import took 0.245569 seconds .

========================================================================
Received Import Request.
  Time since last request: 5.422593 seconds.
  path: Assets/素材/光點.png
  artifactKey: Guid(75a0706e93edcde418bea0f87ed56ea2) Importer(815301076,1909f56bfc062723c751e8b465ee728b)
Start importing Assets/素材/光點.png using Guid(75a0706e93edcde418bea0f87ed56ea2) Importer(815301076,1909f56bfc062723c751e8b465ee728b)  -> (artifact id: '125ef707e482139f406d6fcfe5639011') in 0.049036 seconds 
  Import took 0.057692 seconds .

========================================================================
Received Import Request.
  Time since last request: 55.012612 seconds.
  path: Assets/素材/光點.mat
  artifactKey: Guid(784fc6492c931984e84f86dce0b7f421) Importer(815301076,1909f56bfc062723c751e8b465ee728b)
Start importing Assets/素材/光點.mat using Guid(784fc6492c931984e84f86dce0b7f421) Importer(815301076,1909f56bfc062723c751e8b465ee728b)  -> (artifact id: '00f3ed81f424ceb67be1e6e121d784d9') in 0.101168 seconds 
  Import took 0.107039 seconds .

========================================================================
Received Import Request.
  Time since last request: 244.272607 seconds.
  path: Assets/素材/New Project (1).png
  artifactKey: Guid(4d67dfe5a1e85474a90262429f9605cb) Importer(815301076,1909f56bfc062723c751e8b465ee728b)
Start importing Assets/素材/New Project (1).png using Guid(4d67dfe5a1e85474a90262429f9605cb) Importer(815301076,1909f56bfc062723c751e8b465ee728b)  -> (artifact id: '5355a9be928fb37aed1917722fb43c3c') in 0.075480 seconds 
  Import took 0.086942 seconds .

========================================================================
Received Import Request.
  Time since last request: 4.181921 seconds.
  path: Assets/素材/光點.png
  artifactKey: Guid(4d67dfe5a1e85474a90262429f9605cb) Importer(815301076,1909f56bfc062723c751e8b465ee728b)
Start importing Assets/素材/光點.png using Guid(4d67dfe5a1e85474a90262429f9605cb) Importer(815301076,1909f56bfc062723c751e8b465ee728b)  -> (artifact id: '650045b56ebecce1332d4fa8d84fc6a3') in 0.037682 seconds 
  Import took 0.045367 seconds .

========================================================================
Received Import Request.
  Time since last request: 273.564438 seconds.
  path: Assets/素材/New Project (2).png
  artifactKey: Guid(612a94177765c82409e3750fd085831f) Importer(815301076,1909f56bfc062723c751e8b465ee728b)
Start importing Assets/素材/New Project (2).png using Guid(612a94177765c82409e3750fd085831f) Importer(815301076,1909f56bfc062723c751e8b465ee728b)  -> (artifact id: '7737a1a0a5a8beb547e3f87dc42d375b') in 0.030675 seconds 
  Import took 0.039023 seconds .

========================================================================
Received Import Request.
  Time since last request: 5.456278 seconds.
  path: Assets/素材/光點.png
  artifactKey: Guid(612a94177765c82409e3750fd085831f) Importer(815301076,1909f56bfc062723c751e8b465ee728b)
Start importing Assets/素材/光點.png using Guid(612a94177765c82409e3750fd085831f) Importer(815301076,1909f56bfc062723c751e8b465ee728b)  -> (artifact id: '8f9c37729d091a37692f86e0b3645b54') in 0.028142 seconds 
  Import took 0.032822 seconds .

========================================================================
Received Import Request.
  Time since last request: 70.280925 seconds.
  path: Assets/素材/New Project (3).png
  artifactKey: Guid(4735a7781c2e3a84ab0f202396ebe938) Importer(815301076,1909f56bfc062723c751e8b465ee728b)
Start importing Assets/素材/New Project (3).png using Guid(4735a7781c2e3a84ab0f202396ebe938) Importer(815301076,1909f56bfc062723c751e8b465ee728b)  -> (artifact id: '19490bba7df6630977ca61200c64e730') in 0.049056 seconds 
  Import took 0.055543 seconds .

========================================================================
Received Import Request.
  Time since last request: 0.012006 seconds.
  path: Assets/素材/New Project (3).png
  artifactKey: Guid(4735a7781c2e3a84ab0f202396ebe938) Importer(815301076,1909f56bfc062723c751e8b465ee728b)
Start importing Assets/素材/New Project (3).png using Guid(4735a7781c2e3a84ab0f202396ebe938) Importer(815301076,1909f56bfc062723c751e8b465ee728b)  -> (artifact id: '19490bba7df6630977ca61200c64e730') in 0.039054 seconds 
  Import took 0.046497 seconds .

========================================================================
Received Import Request.
  Time since last request: 17.548567 seconds.
  path: Assets/素材/光點.png
  artifactKey: Guid(4735a7781c2e3a84ab0f202396ebe938) Importer(815301076,1909f56bfc062723c751e8b465ee728b)
Start importing Assets/素材/光點.png using Guid(4735a7781c2e3a84ab0f202396ebe938) Importer(815301076,1909f56bfc062723c751e8b465ee728b)  -> (artifact id: 'f48c3735ba09b7ec970ec27626c49bdc') in 0.028811 seconds 
  Import took 0.033922 seconds .

========================================================================
Received Import Request.
  Time since last request: 798.735291 seconds.
  path: Assets/素材/光點.mat
  artifactKey: Guid(784fc6492c931984e84f86dce0b7f421) Importer(815301076,1909f56bfc062723c751e8b465ee728b)
Start importing Assets/素材/光點.mat using Guid(784fc6492c931984e84f86dce0b7f421) Importer(815301076,1909f56bfc062723c751e8b465ee728b)  -> (artifact id: '390311f9cf1902406fcdba9453fb8736') in 0.063183 seconds 
  Import took 0.072518 seconds .

========================================================================
Received Import Request.
  Time since last request: 2067.484363 seconds.
  path: Assets/場景/選單.unity
  artifactKey: Guid(508fd8625bc960b419e0e183954c2a2c) Importer(815301076,1909f56bfc062723c751e8b465ee728b)
Start importing Assets/場景/選單.unity using Guid(508fd8625bc960b419e0e183954c2a2c) Importer(815301076,1909f56bfc062723c751e8b465ee728b)  -> (artifact id: '6fd2a8ba40cba4a8ab89f3d3424fdd0a') in 0.011703 seconds 
  Import took 0.018492 seconds .

========================================================================
Received Import Request.
  Time since last request: 0.001232 seconds.
  path: Assets/場景/選單.unity
  artifactKey: Guid(508fd8625bc960b419e0e183954c2a2c) Importer(815301076,1909f56bfc062723c751e8b465ee728b)
Start importing Assets/場景/選單.unity using Guid(508fd8625bc960b419e0e183954c2a2c) Importer(815301076,1909f56bfc062723c751e8b465ee728b)  -> (artifact id: '6fd2a8ba40cba4a8ab89f3d3424fdd0a') in 0.007731 seconds 
  Import took 0.021095 seconds .

========================================================================
Received Import Request.
  Time since last request: 2619.830141 seconds.
  path: Assets/Cainos/Pixel Art Platformer - Village Props/Tileset Palette
  artifactKey: Guid(ffa1277bff802794d811d96630d14d9b) Importer(815301076,1909f56bfc062723c751e8b465ee728b)
Start importing Assets/Cainos/Pixel Art Platformer - Village Props/Tileset Palette using Guid(ffa1277bff802794d811d96630d14d9b) Importer(815301076,1909f56bfc062723c751e8b465ee728b)  -> (artifact id: '379f1605efef327cf181996540852f68') in 0.008833 seconds 
  Import took 0.019953 seconds .

========================================================================
Received Import Request.
  Time since last request: 0.572480 seconds.
  path: Assets/Cainos/Pixel Art Platformer - Village Props/Texture
  artifactKey: Guid(4fb7661537e28884697bca33184bdaa0) Importer(815301076,1909f56bfc062723c751e8b465ee728b)
Start importing Assets/Cainos/Pixel Art Platformer - Village Props/Texture using Guid(4fb7661537e28884697bca33184bdaa0) Importer(815301076,1909f56bfc062723c751e8b465ee728b)  -> (artifact id: '49218b2e2a296db1cad4179661b2a9fb') in 0.012612 seconds 
  Import took 0.028177 seconds .

========================================================================
Received Import Request.
  Time since last request: 0.002255 seconds.
  path: Assets/Cainos/Pixel Art Platformer - Village Props/Texture
  artifactKey: Guid(4fb7661537e28884697bca33184bdaa0) Importer(815301076,1909f56bfc062723c751e8b465ee728b)
Start importing Assets/Cainos/Pixel Art Platformer - Village Props/Texture using Guid(4fb7661537e28884697bca33184bdaa0) Importer(815301076,1909f56bfc062723c751e8b465ee728b)  -> (artifact id: '49218b2e2a296db1cad4179661b2a9fb') in 0.004931 seconds 
  Import took 0.019126 seconds .

========================================================================
Received Import Request.
  Time since last request: 0.031441 seconds.
  path: Assets/Cainos/Pixel Art Platformer - Village Props/Texture/TX Background Grid.png
  artifactKey: Guid(4525736a9d0538940bce8f13f1227b26) Importer(815301076,1909f56bfc062723c751e8b465ee728b)
Start importing Assets/Cainos/Pixel Art Platformer - Village Props/Texture/TX Background Grid.png using Guid(4525736a9d0538940bce8f13f1227b26) Importer(815301076,1909f56bfc062723c751e8b465ee728b)  -> (artifact id: 'f1356049b4987f1ab94b0ca3938456c5') in 0.043302 seconds 
  Import took 0.054418 seconds .

========================================================================
Received Import Request.
  Time since last request: 0.000288 seconds.
  path: Assets/Cainos/Pixel Art Platformer - Village Props/Texture/TX Particle Flame.png
  artifactKey: Guid(cfcfd3af954eeb54cb041fe6d75a983b) Importer(815301076,1909f56bfc062723c751e8b465ee728b)
Start importing Assets/Cainos/Pixel Art Platformer - Village Props/Texture/TX Particle Flame.png using Guid(cfcfd3af954eeb54cb041fe6d75a983b) Importer(815301076,1909f56bfc062723c751e8b465ee728b)  -> (artifact id: '29e8cbfd73e5a2118f525430884e0f6a') in 0.024389 seconds 
  Import took 0.029216 seconds .

========================================================================
Received Import Request.
  Time since last request: 0.000340 seconds.
  path: Assets/Cainos/Pixel Art Platformer - Village Props/Texture/TX Tileset Ground.png
  artifactKey: Guid(bb35af95735851440927571ef230221b) Importer(815301076,1909f56bfc062723c751e8b465ee728b)
Start importing Assets/Cainos/Pixel Art Platformer - Village Props/Texture/TX Tileset Ground.png using Guid(bb35af95735851440927571ef230221b) Importer(815301076,1909f56bfc062723c751e8b465ee728b)  -> (artifact id: '8bd5a3b5bd8129f3166c5aa0c662e09c') in 0.184464 seconds 
  Import took 0.189704 seconds .

========================================================================
Received Import Request.
  Time since last request: 0.000214 seconds.
  path: Assets/Cainos/Pixel Art Platformer - Village Props/Texture/TX Village Props.png
  artifactKey: Guid(7810966f0f690954c87305933cabf2b0) Importer(815301076,1909f56bfc062723c751e8b465ee728b)
Start importing Assets/Cainos/Pixel Art Platformer - Village Props/Texture/TX Village Props.png using Guid(7810966f0f690954c87305933cabf2b0) Importer(815301076,1909f56bfc062723c751e8b465ee728b)  -> (artifact id: 'd6df726575e22f6b1de712bc2df7808e') in 0.556178 seconds 
  Import took 0.560834 seconds .

========================================================================
Received Import Request.
  Time since last request: 0.000182 seconds.
  path: Assets/Cainos/Pixel Art Platformer - Village Props/Texture/TX Tileset Ground Darken.png
  artifactKey: Guid(157cbc340d2b7e64ab85168e80e95550) Importer(815301076,1909f56bfc062723c751e8b465ee728b)
Start importing Assets/Cainos/Pixel Art Platformer - Village Props/Texture/TX Tileset Ground Darken.png using Guid(157cbc340d2b7e64ab85168e80e95550) Importer(815301076,1909f56bfc062723c751e8b465ee728b)  -> (artifact id: 'dc2fab95ad34d74c9a64aeb484c286e1') in 0.150781 seconds 
  Import took 0.154934 seconds .

========================================================================
Received Import Request.
  Time since last request: 254.898818 seconds.
  path: Assets/Cainos/Pixel Art Platformer - Village Props/Material
  artifactKey: Guid(9ac4b6a5224288540a1d038f5d6101e2) Importer(815301076,1909f56bfc062723c751e8b465ee728b)
Start importing Assets/Cainos/Pixel Art Platformer - Village Props/Material using Guid(9ac4b6a5224288540a1d038f5d6101e2) Importer(815301076,1909f56bfc062723c751e8b465ee728b)  -> (artifact id: '4c18b5780d5490fccb1b547db360be69') in 0.013779 seconds 
  Import took 0.025217 seconds .

========================================================================
Received Import Request.
  Time since last request: 13.060542 seconds.
  path: Assets/Cainos/Pixel Art Platformer - Village Props/Scene
  artifactKey: Guid(3e5bc175231773446846774743597c2f) Importer(815301076,1909f56bfc062723c751e8b465ee728b)
Start importing Assets/Cainos/Pixel Art Platformer - Village Props/Scene using Guid(3e5bc175231773446846774743597c2f) Importer(815301076,1909f56bfc062723c751e8b465ee728b)  -> (artifact id: '5ac6268745c63c31f7dd257fa1aec85e') in 0.009506 seconds 
  Import took 0.014329 seconds .

========================================================================
Received Import Request.
  Time since last request: 10.297235 seconds.
  path: Assets/Cainos/Pixel Art Platformer - Village Props/Scene/SC Demo Scene - Village Props.unity
  artifactKey: Guid(104b0d14871d44f4881963af94f49350) Importer(815301076,1909f56bfc062723c751e8b465ee728b)
Start importing Assets/Cainos/Pixel Art Platformer - Village Props/Scene/SC Demo Scene - Village Props.unity using Guid(104b0d14871d44f4881963af94f49350) Importer(815301076,1909f56bfc062723c751e8b465ee728b)  -> (artifact id: 'ac88b01363fdf64541197bd39ed1b0de') in 0.031854 seconds 
  Import took 0.042199 seconds .

========================================================================
Received Import Request.
  Time since last request: 186.566927 seconds.
  path: Assets/Cainos/Pixel Art Platformer - Village Props/Texture/TX Tileset Ground.png
  artifactKey: Guid(bb35af95735851440927571ef230221b) Importer(815301076,1909f56bfc062723c751e8b465ee728b)
Start importing Assets/Cainos/Pixel Art Platformer - Village Props/Texture/TX Tileset Ground.png using Guid(bb35af95735851440927571ef230221b) Importer(815301076,1909f56bfc062723c751e8b465ee728b)  -> (artifact id: '5481562f8f8459001d9fdf766a67b06d') in 0.190721 seconds 
  Import took 0.197897 seconds .

========================================================================
Received Import Request.
  Time since last request: 19.922097 seconds.
  path: Assets/Cainos/Pixel Art Platformer - Village Props/Texture/TX Tileset Ground.png
  artifactKey: Guid(bb35af95735851440927571ef230221b) Importer(815301076,1909f56bfc062723c751e8b465ee728b)
Start importing Assets/Cainos/Pixel Art Platformer - Village Props/Texture/TX Tileset Ground.png using Guid(bb35af95735851440927571ef230221b) Importer(815301076,1909f56bfc062723c751e8b465ee728b)  -> (artifact id: '49090191d6df2c6801c6d9dd540b9788') in 0.194561 seconds 
  Import took 0.200937 seconds .

========================================================================
Received Import Request.
  Time since last request: 16.798009 seconds.
  path: Assets/Cainos/Pixel Art Platformer - Village Props/Texture/TX Tileset Ground.png
  artifactKey: Guid(bb35af95735851440927571ef230221b) Importer(815301076,1909f56bfc062723c751e8b465ee728b)
Start importing Assets/Cainos/Pixel Art Platformer - Village Props/Texture/TX Tileset Ground.png using Guid(bb35af95735851440927571ef230221b) Importer(815301076,1909f56bfc062723c751e8b465ee728b)  -> (artifact id: '4962d4cb8885fc51352afb8bc0520a63') in 0.207036 seconds 
  Import took 0.212129 seconds .

========================================================================
Received Import Request.
  Time since last request: 215.236430 seconds.
  path: Assets/Cainos/Pixel Art Platformer - Village Props/Texture/TX Tileset Ground.png
  artifactKey: Guid(bb35af95735851440927571ef230221b) Importer(815301076,1909f56bfc062723c751e8b465ee728b)
Start importing Assets/Cainos/Pixel Art Platformer - Village Props/Texture/TX Tileset Ground.png using Guid(bb35af95735851440927571ef230221b) Importer(815301076,1909f56bfc062723c751e8b465ee728b)  -> (artifact id: '3be8e4036d40fd5a3ac5c4596abb0341') in 0.200572 seconds 
  Import took 0.205831 seconds .

========================================================================
Received Import Request.
  Time since last request: 208.696172 seconds.
  path: Assets/Cainos/Pixel Art Platformer - Village Props/Texture/TX Village Props.png
  artifactKey: Guid(7810966f0f690954c87305933cabf2b0) Importer(815301076,1909f56bfc062723c751e8b465ee728b)
Start importing Assets/Cainos/Pixel Art Platformer - Village Props/Texture/TX Village Props.png using Guid(7810966f0f690954c87305933cabf2b0) Importer(815301076,1909f56bfc062723c751e8b465ee728b)  -> (artifact id: '537835f90200d444bae09add46d75042') in 0.509322 seconds 
  Import took 0.515898 seconds .

AssetImportWorkerClient::OnTransportError - code=2 error=End of file
