Using pre-set license
Built from '2020.3/release' branch; Version is '2020.3.12f1 (b3b2c6512326) revision 11776710'; Using compiler version '192528614'; Build Type 'Release'
OS: 'Windows 10 Pro; OS build 19042.685; Version 2009; 64bit' Language: 'zh' Physical Memory: 32625 MB
BatchMode: 1, IsHumanControllingUs: 0, StartBugReporterOnCrash: 0, Is64bit: 1, IsPro: 0

 COMMAND LINE ARGUMENTS:
C:\Program Files\Unity\Hub\Editor\2020.3.12f1\Editor\Unity.exe
-adb2
-batchMode
-noUpm
-name
AssetImportWorker0
-projectPath
C:/KID/Projects/Unity/Unity_HC_TC_202106_2DGame/2DGame
-logFile
Logs/AssetImportWorker0.log
-srvPort
7663
Successfully changed project path to: C:/KID/Projects/Unity/Unity_HC_TC_202106_2DGame/2DGame
C:/KID/Projects/Unity/Unity_HC_TC_202106_2DGame/2DGame
Using Asset Import Pipeline V2.
Refreshing native plugins compatible for Editor in 83.42 ms, found 3 plugins.
Preloading 0 native plugins for Editor in 0.00 ms.
Initialize engine version: 2020.3.12f1 (b3b2c6512326)
[Subsystems] Discovering subsystems at path C:/Program Files/Unity/Hub/Editor/2020.3.12f1/Editor/Data/Resources/UnitySubsystems
[Subsystems] Discovering subsystems at path C:/KID/Projects/Unity/Unity_HC_TC_202106_2DGame/2DGame/Assets
GfxDevice: creating device client; threaded=0
Direct3D:
    Version:  Direct3D 11.0 [level 11.1]
    Renderer: NVIDIA GeForce RTX 2070 with Max-Q Design (ID=0x1f10)
    Vendor:   
    VRAM:     8031 MB
    Driver:   27.21.14.5167
Initialize mono
Mono path[0] = 'C:/Program Files/Unity/Hub/Editor/2020.3.12f1/Editor/Data/Managed'
Mono path[1] = 'C:/Program Files/Unity/Hub/Editor/2020.3.12f1/Editor/Data/MonoBleedingEdge/lib/mono/unityjit'
Mono config path = 'C:/Program Files/Unity/Hub/Editor/2020.3.12f1/Editor/Data/MonoBleedingEdge/etc'
Using monoOptions --debugger-agent=transport=dt_socket,embedding=1,server=y,suspend=n,address=127.0.0.1:56892
Begin MonoManager ReloadAssembly
Registering precompiled unity dll's ...
Register platform support module: C:/Program Files/Unity/Hub/Editor/2020.3.12f1/Editor/Data/PlaybackEngines/WebGLSupport/UnityEditor.WebGL.Extensions.dll
Register platform support module: C:/Program Files/Unity/Hub/Editor/2020.3.12f1/Editor/Data/PlaybackEngines/WindowsStandaloneSupport/UnityEditor.WindowsStandalone.Extensions.dll
Registered in 0.002637 seconds.
Native extension for WindowsStandalone target not found
Native extension for WebGL target not found
Refreshing native plugins compatible for Editor in 87.18 ms, found 3 plugins.
Preloading 0 native plugins for Editor in 0.00 ms.
Mono: successfully reloaded assembly
- Completed reload, in  2.011 seconds
Platform modules already initialized, skipping
Registering precompiled user dll's ...
Registered in 0.006476 seconds.
Begin MonoManager ReloadAssembly
Native extension for WindowsStandalone target not found
Native extension for WebGL target not found
Refreshing native plugins compatible for Editor in 122.35 ms, found 3 plugins.
Preloading 0 native plugins for Editor in 0.00 ms.
Mono: successfully reloaded assembly
- Completed reload, in  2.019 seconds
Platform modules already initialized, skipping
========================================================================
Worker process is ready to serve import requests
Launched and connected shader compiler UnityShaderCompiler.exe after 0.13 seconds
Refreshing native plugins compatible for Editor in 0.53 ms, found 3 plugins.
Preloading 0 native plugins for Editor in 0.00 ms.
Unloading 2080 Unused Serialized files (Serialized files now loaded: 0)
System memory in use before: 93.3 MB.
System memory in use after: 93.3 MB.

Unloading 33 unused Assets to reduce memory usage. Loaded Objects now: 2518.
Total: 2.769000 ms (FindLiveObjects: 0.233900 ms CreateObjectMapping: 0.111400 ms MarkObjects: 2.244200 ms  DeleteObjects: 0.178100 ms)

AssetImportParameters requested are different than current active one (requested -> active):
  custom:framework-win-MediaFoundation: 216162199b28c13a410421893ffa2e32 -> 
  custom:video-decoder-ogg-theora: a1e56fd34408186e4bbccfd4996cb3dc -> 
  custom:container-muxer-webm: aa71ff27fc2769a1b78a27578f13a17b -> 
  custom:container-demuxer-webm: 4f35f7cbe854078d1ac9338744f61a02 -> 
  custom:container-demuxer-ogg: 62fdf1f143b41e24485cea50d1cbac27 -> 
  custom:video-encoder-webm-vp8: eb34c28f22e8b96e1ab97ce403110664 -> 
  custom:video-codec-MediaFoundation-h265: 746d11721c4dcdbdad8f713fa42b33f4 -> 
  custom:video-decoder-webm-vp8: 9c59270c3fd7afecdb556c50c9e8de78 -> 
  custom:audio-decoder-ogg-vorbis: bf7c407c2cedff20999df2af8eb42d56 -> 
  custom:audio-encoder-webm-vorbis: bf7c407c2cedff20999df2af8eb42d56 -> 
========================================================================
Received Import Request.
  path: Assets/拼接素材/TX Village Props_105.asset
  artifactKey: Guid(8df5eda5bf185d64e885226dfa3c7085) Importer(815301076,1909f56bfc062723c751e8b465ee728b)
Start importing Assets/拼接素材/TX Village Props_105.asset using Guid(8df5eda5bf185d64e885226dfa3c7085) Importer(815301076,1909f56bfc062723c751e8b465ee728b)  -> (artifact id: 'dc3d166644ca1234aeb721a1fcf5a184') in 0.181665 seconds 
  Import took 0.186188 seconds .

========================================================================
Received Import Request.
  Time since last request: 0.000331 seconds.
  path: Assets/拼接素材/TX Village Props_107.asset
  artifactKey: Guid(a01ab3caf6abfcc438470789c66a8080) Importer(815301076,1909f56bfc062723c751e8b465ee728b)
Start importing Assets/拼接素材/TX Village Props_107.asset using Guid(a01ab3caf6abfcc438470789c66a8080) Importer(815301076,1909f56bfc062723c751e8b465ee728b)  -> (artifact id: 'b8f6af0e88d16beda03b843e00cac304') in 0.019128 seconds 
  Import took 0.024521 seconds .

========================================================================
Received Import Request.
  Time since last request: 0.000437 seconds.
  path: Assets/拼接素材/TX Village Props_106.asset
  artifactKey: Guid(372d948cb36453c4ca176043f36fd2c7) Importer(815301076,1909f56bfc062723c751e8b465ee728b)
Start importing Assets/拼接素材/TX Village Props_106.asset using Guid(372d948cb36453c4ca176043f36fd2c7) Importer(815301076,1909f56bfc062723c751e8b465ee728b)  -> (artifact id: '94e6d686bc0c03061642647482150631') in 0.021149 seconds 
  Import took 0.048770 seconds .

========================================================================
Received Import Request.
  Time since last request: 0.000409 seconds.
  path: Assets/拼接素材/TX Village Props_120.asset
  artifactKey: Guid(789b2dca4eb518c4ab3520f200dd33e5) Importer(815301076,1909f56bfc062723c751e8b465ee728b)
Start importing Assets/拼接素材/TX Village Props_120.asset using Guid(789b2dca4eb518c4ab3520f200dd33e5) Importer(815301076,1909f56bfc062723c751e8b465ee728b)  -> (artifact id: 'a26e567fadea9d8c014c8d6a5524b563') in 0.027592 seconds 
  Import took 0.034316 seconds .

========================================================================
Received Import Request.
  Time since last request: 108.005670 seconds.
  path: Assets/場景/遊戲場景.unity
  artifactKey: Guid(d87d4282a2e9d4e4e811da8c2903c9c7) Importer(815301076,1909f56bfc062723c751e8b465ee728b)
Start importing Assets/場景/遊戲場景.unity using Guid(d87d4282a2e9d4e4e811da8c2903c9c7) Importer(815301076,1909f56bfc062723c751e8b465ee728b)  -> (artifact id: '0060c8fd746c03641a35d3ce3b8562c7') in 0.019692 seconds 
  Import took 0.032499 seconds .

========================================================================
Received Import Request.
  Time since last request: 95.135041 seconds.
  path: Assets/素材/魔王魂  村09.mp3
  artifactKey: Guid(43defcd267555d7459e28c0e1be0b4fc) Importer(815301076,1909f56bfc062723c751e8b465ee728b)
Start importing Assets/素材/魔王魂  村09.mp3 using Guid(43defcd267555d7459e28c0e1be0b4fc) Importer(815301076,1909f56bfc062723c751e8b465ee728b)  -> (artifact id: '4a249619b265ee8b372fc89fa004861d') in 0.096669 seconds 
  Import took 0.103827 seconds .

========================================================================
Received Import Request.
  Time since last request: 12.516141 seconds.
  path: Assets/素材/村09.mp3
  artifactKey: Guid(43defcd267555d7459e28c0e1be0b4fc) Importer(815301076,1909f56bfc062723c751e8b465ee728b)
Start importing Assets/素材/村09.mp3 using Guid(43defcd267555d7459e28c0e1be0b4fc) Importer(815301076,1909f56bfc062723c751e8b465ee728b)  -> (artifact id: '618eed650dba671a427810cbef9c5d5f') in 0.047638 seconds 
  Import took 0.054563 seconds .

========================================================================
Received Import Request.
  Time since last request: 70.658056 seconds.
  path: Assets/素材/背景音樂選單.mp3
  artifactKey: Guid(43defcd267555d7459e28c0e1be0b4fc) Importer(815301076,1909f56bfc062723c751e8b465ee728b)
Start importing Assets/素材/背景音樂選單.mp3 using Guid(43defcd267555d7459e28c0e1be0b4fc) Importer(815301076,1909f56bfc062723c751e8b465ee728b)  -> (artifact id: 'f27bfc1e2b2616fe3fc056b80757ee2b') in 0.036370 seconds 
  Import took 0.048465 seconds .

========================================================================
Received Import Request.
  Time since last request: 1.326151 seconds.
  path: Assets/素材/魔王魂 旧ゲーム音楽 ラストボス01.mp3
  artifactKey: Guid(88e4c6c24ea4c9744ac2a3b27135ed2d) Importer(815301076,1909f56bfc062723c751e8b465ee728b)
Start importing Assets/素材/魔王魂 旧ゲーム音楽 ラストボス01.mp3 using Guid(88e4c6c24ea4c9744ac2a3b27135ed2d) Importer(815301076,1909f56bfc062723c751e8b465ee728b)  -> (artifact id: '94813053bbb0d9b3ca6cfc20fb89db44') in 0.017108 seconds 
  Import took 0.021752 seconds .

========================================================================
Received Import Request.
  Time since last request: 9.929652 seconds.
  path: Assets/素材/背景音樂遊戲.mp3
  artifactKey: Guid(88e4c6c24ea4c9744ac2a3b27135ed2d) Importer(815301076,1909f56bfc062723c751e8b465ee728b)
Start importing Assets/素材/背景音樂遊戲.mp3 using Guid(88e4c6c24ea4c9744ac2a3b27135ed2d) Importer(815301076,1909f56bfc062723c751e8b465ee728b)  -> (artifact id: '737fb0771f86bb2ae0b442076e622740') in 0.031350 seconds 
  Import took 0.049677 seconds .

========================================================================
Received Prepare
Registering precompiled user dll's ...
Registered in 0.006504 seconds.
Begin MonoManager ReloadAssembly
Native extension for WindowsStandalone target not found
Native extension for WebGL target not found
Refreshing native plugins compatible for Editor in 0.63 ms, found 3 plugins.
Preloading 0 native plugins for Editor in 0.00 ms.
Mono: successfully reloaded assembly
- Completed reload, in  1.880 seconds
Platform modules already initialized, skipping
Refreshing native plugins compatible for Editor in 0.56 ms, found 3 plugins.
Preloading 0 native plugins for Editor in 0.00 ms.
Unloading 2075 Unused Serialized files (Serialized files now loaded: 0)
System memory in use before: 96.3 MB.
System memory in use after: 96.3 MB.

Unloading 21 unused Assets to reduce memory usage. Loaded Objects now: 2537.
Total: 3.836700 ms (FindLiveObjects: 0.390800 ms CreateObjectMapping: 0.183300 ms MarkObjects: 3.080600 ms  DeleteObjects: 0.180500 ms)

AssetImportParameters requested are different than current active one (requested -> active):
  custom:framework-win-MediaFoundation: 216162199b28c13a410421893ffa2e32 -> 
  custom:video-decoder-ogg-theora: a1e56fd34408186e4bbccfd4996cb3dc -> 
  custom:container-muxer-webm: aa71ff27fc2769a1b78a27578f13a17b -> 
  custom:container-demuxer-webm: 4f35f7cbe854078d1ac9338744f61a02 -> 
  custom:container-demuxer-ogg: 62fdf1f143b41e24485cea50d1cbac27 -> 
  custom:video-encoder-webm-vp8: eb34c28f22e8b96e1ab97ce403110664 -> 
  custom:video-codec-MediaFoundation-h265: 746d11721c4dcdbdad8f713fa42b33f4 -> 
  custom:video-decoder-webm-vp8: 9c59270c3fd7afecdb556c50c9e8de78 -> 
  custom:audio-decoder-ogg-vorbis: bf7c407c2cedff20999df2af8eb42d56 -> 
  custom:audio-encoder-webm-vorbis: bf7c407c2cedff20999df2af8eb42d56 -> 
========================================================================
Received Prepare
Registering precompiled user dll's ...
Registered in 0.019931 seconds.
Begin MonoManager ReloadAssembly
Native extension for WindowsStandalone target not found
Native extension for WebGL target not found
Refreshing native plugins compatible for Editor in 0.58 ms, found 3 plugins.
Preloading 0 native plugins for Editor in 0.00 ms.
Mono: successfully reloaded assembly
- Completed reload, in  1.858 seconds
Platform modules already initialized, skipping
Refreshing native plugins compatible for Editor in 1.19 ms, found 3 plugins.
Preloading 0 native plugins for Editor in 0.00 ms.
Unloading 2075 Unused Serialized files (Serialized files now loaded: 0)
System memory in use before: 96.3 MB.
System memory in use after: 96.3 MB.

Unloading 21 unused Assets to reduce memory usage. Loaded Objects now: 2541.
Total: 4.893200 ms (FindLiveObjects: 0.678400 ms CreateObjectMapping: 0.426800 ms MarkObjects: 3.538000 ms  DeleteObjects: 0.247700 ms)

AssetImportParameters requested are different than current active one (requested -> active):
  custom:framework-win-MediaFoundation: 216162199b28c13a410421893ffa2e32 -> 
  custom:video-decoder-ogg-theora: a1e56fd34408186e4bbccfd4996cb3dc -> 
  custom:container-muxer-webm: aa71ff27fc2769a1b78a27578f13a17b -> 
  custom:container-demuxer-webm: 4f35f7cbe854078d1ac9338744f61a02 -> 
  custom:container-demuxer-ogg: 62fdf1f143b41e24485cea50d1cbac27 -> 
  custom:video-encoder-webm-vp8: eb34c28f22e8b96e1ab97ce403110664 -> 
  custom:video-codec-MediaFoundation-h265: 746d11721c4dcdbdad8f713fa42b33f4 -> 
  custom:video-decoder-webm-vp8: 9c59270c3fd7afecdb556c50c9e8de78 -> 
  custom:audio-decoder-ogg-vorbis: bf7c407c2cedff20999df2af8eb42d56 -> 
  custom:audio-encoder-webm-vorbis: bf7c407c2cedff20999df2af8eb42d56 -> 
========================================================================
Received Prepare
Registering precompiled user dll's ...
Registered in 0.006818 seconds.
Begin MonoManager ReloadAssembly
Native extension for WindowsStandalone target not found
Native extension for WebGL target not found
Refreshing native plugins compatible for Editor in 3.92 ms, found 3 plugins.
Preloading 0 native plugins for Editor in 0.00 ms.
Mono: successfully reloaded assembly
- Completed reload, in  1.842 seconds
Platform modules already initialized, skipping
Refreshing native plugins compatible for Editor in 0.97 ms, found 3 plugins.
Preloading 0 native plugins for Editor in 0.00 ms.
Unloading 2075 Unused Serialized files (Serialized files now loaded: 0)
System memory in use before: 96.4 MB.
System memory in use after: 96.3 MB.

Unloading 21 unused Assets to reduce memory usage. Loaded Objects now: 2545.
Total: 5.770400 ms (FindLiveObjects: 0.745900 ms CreateObjectMapping: 0.501300 ms MarkObjects: 4.336200 ms  DeleteObjects: 0.182800 ms)

AssetImportParameters requested are different than current active one (requested -> active):
  custom:framework-win-MediaFoundation: 216162199b28c13a410421893ffa2e32 -> 
  custom:video-decoder-ogg-theora: a1e56fd34408186e4bbccfd4996cb3dc -> 
  custom:container-muxer-webm: aa71ff27fc2769a1b78a27578f13a17b -> 
  custom:container-demuxer-webm: 4f35f7cbe854078d1ac9338744f61a02 -> 
  custom:container-demuxer-ogg: 62fdf1f143b41e24485cea50d1cbac27 -> 
  custom:video-encoder-webm-vp8: eb34c28f22e8b96e1ab97ce403110664 -> 
  custom:video-codec-MediaFoundation-h265: 746d11721c4dcdbdad8f713fa42b33f4 -> 
  custom:video-decoder-webm-vp8: 9c59270c3fd7afecdb556c50c9e8de78 -> 
  custom:audio-decoder-ogg-vorbis: bf7c407c2cedff20999df2af8eb42d56 -> 
  custom:audio-encoder-webm-vorbis: bf7c407c2cedff20999df2af8eb42d56 -> 
========================================================================
Received Import Request.
  Time since last request: 483.966892 seconds.
  path: Assets/場景/選單.unity
  artifactKey: Guid(508fd8625bc960b419e0e183954c2a2c) Importer(815301076,1909f56bfc062723c751e8b465ee728b)
Start importing Assets/場景/選單.unity using Guid(508fd8625bc960b419e0e183954c2a2c) Importer(815301076,1909f56bfc062723c751e8b465ee728b)  -> (artifact id: '0c17cc85928e6d40dbf5c8b9535099e2') in 0.034880 seconds 
  Import took 0.040286 seconds .

========================================================================
Received Import Request.
  Time since last request: 353.811694 seconds.
  path: Assets/素材/魔王魂 効果音 ワンポイント19.mp3
  artifactKey: Guid(53da88e5140379c4a8a159f535eeee34) Importer(815301076,1909f56bfc062723c751e8b465ee728b)
Start importing Assets/素材/魔王魂 効果音 ワンポイント19.mp3 using Guid(53da88e5140379c4a8a159f535eeee34) Importer(815301076,1909f56bfc062723c751e8b465ee728b)  -> (artifact id: 'fd44138327309cd48488f210dadbadb8') in 0.056750 seconds 
  Import took 0.065538 seconds .

========================================================================
Received Import Request.
  Time since last request: 0.000841 seconds.
  path: Assets/素材/魔王魂 効果音 ワンポイント19.mp3
  artifactKey: Guid(53da88e5140379c4a8a159f535eeee34) Importer(815301076,1909f56bfc062723c751e8b465ee728b)
Start importing Assets/素材/魔王魂 効果音 ワンポイント19.mp3 using Guid(53da88e5140379c4a8a159f535eeee34) Importer(815301076,1909f56bfc062723c751e8b465ee728b)  -> (artifact id: 'fd44138327309cd48488f210dadbadb8') in 0.016175 seconds 
  Import took 0.031900 seconds .

========================================================================
Received Import Request.
  Time since last request: 4.099916 seconds.
  path: Assets/素材/按鈕音效.mp3
  artifactKey: Guid(53da88e5140379c4a8a159f535eeee34) Importer(815301076,1909f56bfc062723c751e8b465ee728b)
Start importing Assets/素材/按鈕音效.mp3 using Guid(53da88e5140379c4a8a159f535eeee34) Importer(815301076,1909f56bfc062723c751e8b465ee728b)  -> (artifact id: '52267f08a594178f097f9d93d6897ce4') in 0.039157 seconds 
  Import took 0.054085 seconds .

========================================================================
Received Prepare
Registering precompiled user dll's ...
Registered in 0.009424 seconds.
Begin MonoManager ReloadAssembly
Native extension for WindowsStandalone target not found
Native extension for WebGL target not found
Refreshing native plugins compatible for Editor in 0.69 ms, found 3 plugins.
Preloading 0 native plugins for Editor in 0.00 ms.
Mono: successfully reloaded assembly
- Completed reload, in  2.298 seconds
Platform modules already initialized, skipping
Refreshing native plugins compatible for Editor in 0.76 ms, found 3 plugins.
Preloading 0 native plugins for Editor in 0.00 ms.
Unloading 2075 Unused Serialized files (Serialized files now loaded: 0)
System memory in use before: 96.4 MB.
System memory in use after: 96.4 MB.

Unloading 21 unused Assets to reduce memory usage. Loaded Objects now: 2550.
Total: 2.823300 ms (FindLiveObjects: 0.259200 ms CreateObjectMapping: 0.098500 ms MarkObjects: 2.232200 ms  DeleteObjects: 0.232200 ms)

AssetImportParameters requested are different than current active one (requested -> active):
  custom:framework-win-MediaFoundation: 216162199b28c13a410421893ffa2e32 -> 
  custom:video-decoder-ogg-theora: a1e56fd34408186e4bbccfd4996cb3dc -> 
  custom:container-muxer-webm: aa71ff27fc2769a1b78a27578f13a17b -> 
  custom:container-demuxer-webm: 4f35f7cbe854078d1ac9338744f61a02 -> 
  custom:container-demuxer-ogg: 62fdf1f143b41e24485cea50d1cbac27 -> 
  custom:video-encoder-webm-vp8: eb34c28f22e8b96e1ab97ce403110664 -> 
  custom:video-codec-MediaFoundation-h265: 746d11721c4dcdbdad8f713fa42b33f4 -> 
  custom:video-decoder-webm-vp8: 9c59270c3fd7afecdb556c50c9e8de78 -> 
  custom:audio-decoder-ogg-vorbis: bf7c407c2cedff20999df2af8eb42d56 -> 
  custom:audio-encoder-webm-vorbis: bf7c407c2cedff20999df2af8eb42d56 -> 
========================================================================
Received Prepare
Registering precompiled user dll's ...
Registered in 0.009378 seconds.
Begin MonoManager ReloadAssembly
Native extension for WindowsStandalone target not found
Native extension for WebGL target not found
Refreshing native plugins compatible for Editor in 0.67 ms, found 3 plugins.
Preloading 0 native plugins for Editor in 0.00 ms.
Mono: successfully reloaded assembly
- Completed reload, in  2.628 seconds
Platform modules already initialized, skipping
Refreshing native plugins compatible for Editor in 2.56 ms, found 3 plugins.
Preloading 0 native plugins for Editor in 0.00 ms.
Unloading 2075 Unused Serialized files (Serialized files now loaded: 0)
System memory in use before: 96.4 MB.
System memory in use after: 96.4 MB.

Unloading 21 unused Assets to reduce memory usage. Loaded Objects now: 2554.
Total: 6.177900 ms (FindLiveObjects: 0.587500 ms CreateObjectMapping: 0.375300 ms MarkObjects: 4.962100 ms  DeleteObjects: 0.250000 ms)

AssetImportParameters requested are different than current active one (requested -> active):
  custom:framework-win-MediaFoundation: 216162199b28c13a410421893ffa2e32 -> 
  custom:video-decoder-ogg-theora: a1e56fd34408186e4bbccfd4996cb3dc -> 
  custom:container-muxer-webm: aa71ff27fc2769a1b78a27578f13a17b -> 
  custom:container-demuxer-webm: 4f35f7cbe854078d1ac9338744f61a02 -> 
  custom:container-demuxer-ogg: 62fdf1f143b41e24485cea50d1cbac27 -> 
  custom:video-encoder-webm-vp8: eb34c28f22e8b96e1ab97ce403110664 -> 
  custom:video-codec-MediaFoundation-h265: 746d11721c4dcdbdad8f713fa42b33f4 -> 
  custom:video-decoder-webm-vp8: 9c59270c3fd7afecdb556c50c9e8de78 -> 
  custom:audio-decoder-ogg-vorbis: bf7c407c2cedff20999df2af8eb42d56 -> 
  custom:audio-encoder-webm-vorbis: bf7c407c2cedff20999df2af8eb42d56 -> 
========================================================================
Received Prepare
Registering precompiled user dll's ...
Registered in 0.009462 seconds.
Begin MonoManager ReloadAssembly
Native extension for WindowsStandalone target not found
Native extension for WebGL target not found
Refreshing native plugins compatible for Editor in 0.95 ms, found 3 plugins.
Preloading 0 native plugins for Editor in 0.00 ms.
Mono: successfully reloaded assembly
- Completed reload, in  1.652 seconds
Platform modules already initialized, skipping
Refreshing native plugins compatible for Editor in 0.59 ms, found 3 plugins.
Preloading 0 native plugins for Editor in 0.00 ms.
Unloading 2075 Unused Serialized files (Serialized files now loaded: 0)
System memory in use before: 96.4 MB.
System memory in use after: 96.4 MB.

Unloading 21 unused Assets to reduce memory usage. Loaded Objects now: 2558.
Total: 5.401500 ms (FindLiveObjects: 0.462800 ms CreateObjectMapping: 0.172100 ms MarkObjects: 4.598600 ms  DeleteObjects: 0.165300 ms)

AssetImportParameters requested are different than current active one (requested -> active):
  custom:framework-win-MediaFoundation: 216162199b28c13a410421893ffa2e32 -> 
  custom:video-decoder-ogg-theora: a1e56fd34408186e4bbccfd4996cb3dc -> 
  custom:container-muxer-webm: aa71ff27fc2769a1b78a27578f13a17b -> 
  custom:container-demuxer-webm: 4f35f7cbe854078d1ac9338744f61a02 -> 
  custom:container-demuxer-ogg: 62fdf1f143b41e24485cea50d1cbac27 -> 
  custom:video-encoder-webm-vp8: eb34c28f22e8b96e1ab97ce403110664 -> 
  custom:video-codec-MediaFoundation-h265: 746d11721c4dcdbdad8f713fa42b33f4 -> 
  custom:video-decoder-webm-vp8: 9c59270c3fd7afecdb556c50c9e8de78 -> 
  custom:audio-decoder-ogg-vorbis: bf7c407c2cedff20999df2af8eb42d56 -> 
  custom:audio-encoder-webm-vorbis: bf7c407c2cedff20999df2af8eb42d56 -> 
========================================================================
Received Prepare
Registering precompiled user dll's ...
Registered in 0.010945 seconds.
Begin MonoManager ReloadAssembly
Native extension for WindowsStandalone target not found
Native extension for WebGL target not found
Refreshing native plugins compatible for Editor in 1.21 ms, found 3 plugins.
Preloading 0 native plugins for Editor in 0.00 ms.
Mono: successfully reloaded assembly
- Completed reload, in  2.412 seconds
Platform modules already initialized, skipping
Refreshing native plugins compatible for Editor in 0.54 ms, found 3 plugins.
Preloading 0 native plugins for Editor in 0.00 ms.
Unloading 2075 Unused Serialized files (Serialized files now loaded: 0)
System memory in use before: 96.4 MB.
System memory in use after: 96.4 MB.

Unloading 21 unused Assets to reduce memory usage. Loaded Objects now: 2562.
Total: 2.442900 ms (FindLiveObjects: 0.189100 ms CreateObjectMapping: 0.085300 ms MarkObjects: 2.059000 ms  DeleteObjects: 0.108500 ms)

AssetImportParameters requested are different than current active one (requested -> active):
  custom:framework-win-MediaFoundation: 216162199b28c13a410421893ffa2e32 -> 
  custom:video-decoder-ogg-theora: a1e56fd34408186e4bbccfd4996cb3dc -> 
  custom:container-muxer-webm: aa71ff27fc2769a1b78a27578f13a17b -> 
  custom:container-demuxer-webm: 4f35f7cbe854078d1ac9338744f61a02 -> 
  custom:container-demuxer-ogg: 62fdf1f143b41e24485cea50d1cbac27 -> 
  custom:video-encoder-webm-vp8: eb34c28f22e8b96e1ab97ce403110664 -> 
  custom:video-codec-MediaFoundation-h265: 746d11721c4dcdbdad8f713fa42b33f4 -> 
  custom:video-decoder-webm-vp8: 9c59270c3fd7afecdb556c50c9e8de78 -> 
  custom:audio-decoder-ogg-vorbis: bf7c407c2cedff20999df2af8eb42d56 -> 
  custom:audio-encoder-webm-vorbis: bf7c407c2cedff20999df2af8eb42d56 -> 
========================================================================
Received Import Request.
  Time since last request: 635.966329 seconds.
  path: Assets/場景/遊戲場景.unity
  artifactKey: Guid(d87d4282a2e9d4e4e811da8c2903c9c7) Importer(815301076,1909f56bfc062723c751e8b465ee728b)
Start importing Assets/場景/遊戲場景.unity using Guid(d87d4282a2e9d4e4e811da8c2903c9c7) Importer(815301076,1909f56bfc062723c751e8b465ee728b)  -> (artifact id: '8e8f60a82fc8d86de8eaa86fc279678b') in 0.023043 seconds 
  Import took 0.028568 seconds .

========================================================================
Received Import Request.
  Time since last request: 6482.518860 seconds.
  path: Assets/Scripts
  artifactKey: Guid(241575022f7f711458920b8d9d49b4e3) Importer(815301076,1909f56bfc062723c751e8b465ee728b)
Start importing Assets/Scripts using Guid(241575022f7f711458920b8d9d49b4e3) Importer(815301076,1909f56bfc062723c751e8b465ee728b)  -> (artifact id: 'a80b14e597fd3b96bab5da3167332e23') in 0.017035 seconds 
  Import took 0.029348 seconds .

========================================================================
Received Import Request.
  Time since last request: 32.993405 seconds.
  path: Assets/Scripts/NewBehaviourScript.cs
  artifactKey: Guid(558a56d977696a646a02c3ebd2e9855c) Importer(815301076,1909f56bfc062723c751e8b465ee728b)
Start importing Assets/Scripts/NewBehaviourScript.cs using Guid(558a56d977696a646a02c3ebd2e9855c) Importer(815301076,1909f56bfc062723c751e8b465ee728b)  -> (artifact id: '06968933908a14c84c7431479a7b892b') in 0.020779 seconds 
  Import took 0.031551 seconds .

========================================================================
Received Prepare
Registering precompiled user dll's ...
Registered in 0.161514 seconds.
Begin MonoManager ReloadAssembly
Native extension for WindowsStandalone target not found
Native extension for WebGL target not found
Refreshing native plugins compatible for Editor in 2.08 ms, found 3 plugins.
Preloading 0 native plugins for Editor in 0.00 ms.
Mono: successfully reloaded assembly
- Completed reload, in  2.212 seconds
Platform modules already initialized, skipping
Script is not up to date after domain reload: guid(433831b833f7cd64b9ce57ccd7faadbf) path("Assets/Scripts/Car.cs") state(2)
Refreshing native plugins compatible for Editor in 0.85 ms, found 3 plugins.
Preloading 0 native plugins for Editor in 0.00 ms.
Unloading 2075 Unused Serialized files (Serialized files now loaded: 0)
System memory in use before: 96.4 MB.
System memory in use after: 96.4 MB.

Unloading 21 unused Assets to reduce memory usage. Loaded Objects now: 2566.
Total: 2.915200 ms (FindLiveObjects: 0.328600 ms CreateObjectMapping: 0.150700 ms MarkObjects: 2.301900 ms  DeleteObjects: 0.131600 ms)

AssetImportParameters requested are different than current active one (requested -> active):
  custom:framework-win-MediaFoundation: 216162199b28c13a410421893ffa2e32 -> 
  custom:video-decoder-ogg-theora: a1e56fd34408186e4bbccfd4996cb3dc -> 
  custom:container-muxer-webm: aa71ff27fc2769a1b78a27578f13a17b -> 
  custom:container-demuxer-webm: 4f35f7cbe854078d1ac9338744f61a02 -> 
  custom:container-demuxer-ogg: 62fdf1f143b41e24485cea50d1cbac27 -> 
  custom:video-encoder-webm-vp8: eb34c28f22e8b96e1ab97ce403110664 -> 
  custom:video-codec-MediaFoundation-h265: 746d11721c4dcdbdad8f713fa42b33f4 -> 
  custom:video-decoder-webm-vp8: 9c59270c3fd7afecdb556c50c9e8de78 -> 
  custom:audio-decoder-ogg-vorbis: bf7c407c2cedff20999df2af8eb42d56 -> 
  custom:audio-encoder-webm-vorbis: bf7c407c2cedff20999df2af8eb42d56 -> 
========================================================================
Received Prepare
Registering precompiled user dll's ...
Registered in 0.007603 seconds.
Begin MonoManager ReloadAssembly
Native extension for WindowsStandalone target not found
Native extension for WebGL target not found
Refreshing native plugins compatible for Editor in 1.14 ms, found 3 plugins.
Preloading 0 native plugins for Editor in 0.00 ms.
Mono: successfully reloaded assembly
- Completed reload, in  1.892 seconds
Platform modules already initialized, skipping
Refreshing native plugins compatible for Editor in 0.67 ms, found 3 plugins.
Preloading 0 native plugins for Editor in 0.00 ms.
Unloading 2076 Unused Serialized files (Serialized files now loaded: 0)
System memory in use before: 96.5 MB.
System memory in use after: 96.5 MB.

Unloading 21 unused Assets to reduce memory usage. Loaded Objects now: 2571.
Total: 3.552100 ms (FindLiveObjects: 0.297300 ms CreateObjectMapping: 0.158400 ms MarkObjects: 2.932500 ms  DeleteObjects: 0.161900 ms)

AssetImportParameters requested are different than current active one (requested -> active):
  custom:framework-win-MediaFoundation: 216162199b28c13a410421893ffa2e32 -> 
  custom:video-decoder-ogg-theora: a1e56fd34408186e4bbccfd4996cb3dc -> 
  custom:container-muxer-webm: aa71ff27fc2769a1b78a27578f13a17b -> 
  custom:container-demuxer-webm: 4f35f7cbe854078d1ac9338744f61a02 -> 
  custom:container-demuxer-ogg: 62fdf1f143b41e24485cea50d1cbac27 -> 
  custom:video-encoder-webm-vp8: eb34c28f22e8b96e1ab97ce403110664 -> 
  custom:video-codec-MediaFoundation-h265: 746d11721c4dcdbdad8f713fa42b33f4 -> 
  custom:video-decoder-webm-vp8: 9c59270c3fd7afecdb556c50c9e8de78 -> 
  custom:audio-decoder-ogg-vorbis: bf7c407c2cedff20999df2af8eb42d56 -> 
  custom:audio-encoder-webm-vorbis: bf7c407c2cedff20999df2af8eb42d56 -> 
========================================================================
Received Import Request.
  Time since last request: 48.262622 seconds.
  path: Assets/Scripts/Car.cs
  artifactKey: Guid(433831b833f7cd64b9ce57ccd7faadbf) Importer(815301076,1909f56bfc062723c751e8b465ee728b)
Start importing Assets/Scripts/Car.cs using Guid(433831b833f7cd64b9ce57ccd7faadbf) Importer(815301076,1909f56bfc062723c751e8b465ee728b)  -> (artifact id: '1c882d8337e527f857cd2abb63949059') in 0.015026 seconds 
  Import took 0.019077 seconds .

========================================================================
Received Prepare
Registering precompiled user dll's ...
Registered in 0.005832 seconds.
Begin MonoManager ReloadAssembly
Native extension for WindowsStandalone target not found
Native extension for WebGL target not found
Refreshing native plugins compatible for Editor in 1.47 ms, found 3 plugins.
Preloading 0 native plugins for Editor in 0.00 ms.
Mono: successfully reloaded assembly
- Completed reload, in  2.030 seconds
Platform modules already initialized, skipping
Refreshing native plugins compatible for Editor in 0.73 ms, found 3 plugins.
Preloading 0 native plugins for Editor in 0.00 ms.
Unloading 2076 Unused Serialized files (Serialized files now loaded: 0)
System memory in use before: 96.5 MB.
System memory in use after: 96.5 MB.

Unloading 21 unused Assets to reduce memory usage. Loaded Objects now: 2575.
Total: 3.022200 ms (FindLiveObjects: 0.235600 ms CreateObjectMapping: 0.098300 ms MarkObjects: 2.498200 ms  DeleteObjects: 0.188800 ms)

AssetImportParameters requested are different than current active one (requested -> active):
  custom:framework-win-MediaFoundation: 216162199b28c13a410421893ffa2e32 -> 
  custom:video-decoder-ogg-theora: a1e56fd34408186e4bbccfd4996cb3dc -> 
  custom:container-muxer-webm: aa71ff27fc2769a1b78a27578f13a17b -> 
  custom:container-demuxer-webm: 4f35f7cbe854078d1ac9338744f61a02 -> 
  custom:container-demuxer-ogg: 62fdf1f143b41e24485cea50d1cbac27 -> 
  custom:video-encoder-webm-vp8: eb34c28f22e8b96e1ab97ce403110664 -> 
  custom:video-codec-MediaFoundation-h265: 746d11721c4dcdbdad8f713fa42b33f4 -> 
  custom:video-decoder-webm-vp8: 9c59270c3fd7afecdb556c50c9e8de78 -> 
  custom:audio-decoder-ogg-vorbis: bf7c407c2cedff20999df2af8eb42d56 -> 
  custom:audio-encoder-webm-vorbis: bf7c407c2cedff20999df2af8eb42d56 -> 
========================================================================
Received Prepare
Registering precompiled user dll's ...
Registered in 0.009518 seconds.
Begin MonoManager ReloadAssembly
Native extension for WindowsStandalone target not found
Native extension for WebGL target not found
Refreshing native plugins compatible for Editor in 0.98 ms, found 3 plugins.
Preloading 0 native plugins for Editor in 0.00 ms.
Mono: successfully reloaded assembly
- Completed reload, in  1.754 seconds
Platform modules already initialized, skipping
Refreshing native plugins compatible for Editor in 0.77 ms, found 3 plugins.
Preloading 0 native plugins for Editor in 0.00 ms.
Unloading 2076 Unused Serialized files (Serialized files now loaded: 0)
System memory in use before: 96.5 MB.
System memory in use after: 96.5 MB.

Unloading 21 unused Assets to reduce memory usage. Loaded Objects now: 2579.
Total: 6.943500 ms (FindLiveObjects: 0.352700 ms CreateObjectMapping: 0.387100 ms MarkObjects: 5.979900 ms  DeleteObjects: 0.221800 ms)

AssetImportParameters requested are different than current active one (requested -> active):
  custom:framework-win-MediaFoundation: 216162199b28c13a410421893ffa2e32 -> 
  custom:video-decoder-ogg-theora: a1e56fd34408186e4bbccfd4996cb3dc -> 
  custom:container-muxer-webm: aa71ff27fc2769a1b78a27578f13a17b -> 
  custom:container-demuxer-webm: 4f35f7cbe854078d1ac9338744f61a02 -> 
  custom:container-demuxer-ogg: 62fdf1f143b41e24485cea50d1cbac27 -> 
  custom:video-encoder-webm-vp8: eb34c28f22e8b96e1ab97ce403110664 -> 
  custom:video-codec-MediaFoundation-h265: 746d11721c4dcdbdad8f713fa42b33f4 -> 
  custom:video-decoder-webm-vp8: 9c59270c3fd7afecdb556c50c9e8de78 -> 
  custom:audio-decoder-ogg-vorbis: bf7c407c2cedff20999df2af8eb42d56 -> 
  custom:audio-encoder-webm-vorbis: bf7c407c2cedff20999df2af8eb42d56 -> 
========================================================================
Received Prepare
Registering precompiled user dll's ...
Registered in 0.008787 seconds.
Begin MonoManager ReloadAssembly
Native extension for WindowsStandalone target not found
Native extension for WebGL target not found
Refreshing native plugins compatible for Editor in 0.89 ms, found 3 plugins.
Preloading 0 native plugins for Editor in 0.00 ms.
Mono: successfully reloaded assembly
- Completed reload, in  1.822 seconds
Platform modules already initialized, skipping
Refreshing native plugins compatible for Editor in 0.85 ms, found 3 plugins.
Preloading 0 native plugins for Editor in 0.00 ms.
Unloading 2076 Unused Serialized files (Serialized files now loaded: 0)
System memory in use before: 96.5 MB.
System memory in use after: 96.5 MB.

Unloading 21 unused Assets to reduce memory usage. Loaded Objects now: 2583.
Total: 3.947700 ms (FindLiveObjects: 0.384400 ms CreateObjectMapping: 0.159800 ms MarkObjects: 3.123500 ms  DeleteObjects: 0.277900 ms)

AssetImportParameters requested are different than current active one (requested -> active):
  custom:framework-win-MediaFoundation: 216162199b28c13a410421893ffa2e32 -> 
  custom:video-decoder-ogg-theora: a1e56fd34408186e4bbccfd4996cb3dc -> 
  custom:container-muxer-webm: aa71ff27fc2769a1b78a27578f13a17b -> 
  custom:container-demuxer-webm: 4f35f7cbe854078d1ac9338744f61a02 -> 
  custom:container-demuxer-ogg: 62fdf1f143b41e24485cea50d1cbac27 -> 
  custom:video-encoder-webm-vp8: eb34c28f22e8b96e1ab97ce403110664 -> 
  custom:video-codec-MediaFoundation-h265: 746d11721c4dcdbdad8f713fa42b33f4 -> 
  custom:video-decoder-webm-vp8: 9c59270c3fd7afecdb556c50c9e8de78 -> 
  custom:audio-decoder-ogg-vorbis: bf7c407c2cedff20999df2af8eb42d56 -> 
  custom:audio-encoder-webm-vorbis: bf7c407c2cedff20999df2af8eb42d56 -> 
========================================================================
Received Import Request.
  Time since last request: 2143.412087 seconds.
  path: Assets/Scripts/Car.cs
  artifactKey: Guid(433831b833f7cd64b9ce57ccd7faadbf) Importer(815301076,1909f56bfc062723c751e8b465ee728b)
Start importing Assets/Scripts/Car.cs using Guid(433831b833f7cd64b9ce57ccd7faadbf) Importer(815301076,1909f56bfc062723c751e8b465ee728b)  -> (artifact id: 'fbf42bd2615c01184bd7799ca13bcf63') in 0.015361 seconds 
  Import took 0.021918 seconds .

AssetImportWorkerClient::OnTransportError - code=2 error=End of file
